c:\users\pixir\desktop\lwsingleplayer\lwengine\x64\debug\vc141.pdb
c:\users\pixir\desktop\lwsingleplayer\lwengine\x64\debug\vc141.idb
c:\users\pixir\desktop\lwsingleplayer\lwengine\x64\debug\textbox.obj
c:\users\pixir\desktop\lwsingleplayer\lwengine\x64\debug\textelement.obj
c:\users\pixir\desktop\lwsingleplayer\lwengine\x64\debug\sliderelement.obj
c:\users\pixir\desktop\lwsingleplayer\lwengine\x64\debug\graphic.obj
c:\users\pixir\desktop\lwsingleplayer\lwengine\x64\debug\resourcemanager.obj
c:\users\pixir\desktop\lwsingleplayer\lwengine\x64\debug\progressbarelement.obj
c:\users\pixir\desktop\lwsingleplayer\lwengine\x64\debug\panel.obj
c:\users\pixir\desktop\lwsingleplayer\lwengine\x64\debug\main.obj
c:\users\pixir\desktop\lwsingleplayer\lwengine\x64\debug\inputhandler.obj
c:\users\pixir\desktop\lwsingleplayer\lwengine\x64\debug\inputbox.obj
c:\users\pixir\desktop\lwsingleplayer\lwengine\x64\debug\entity.obj
c:\users\pixir\desktop\lwsingleplayer\lwengine\x64\debug\effect.obj
c:\users\pixir\desktop\lwsingleplayer\lwengine\x64\debug\buttonelement.obj
c:\users\pixir\desktop\lwsingleplayer\lwengine\x64\debug\body_part.obj
c:\users\pixir\desktop\lwsingleplayer\lwengine\x64\debug\jsoncpp.obj
c:\users\pixir\desktop\lwsingleplayer\lwengine\x64\debug\objectmanager.obj
c:\users\pixir\desktop\lwsingleplayer\lwengine\x64\debug\lwengine.ilk
c:\users\pixir\desktop\lwsingleplayer\lwengine\x64\debug\lwengine.exe
c:\users\pixir\desktop\lwsingleplayer\lwengine\x64\debug\lwengine.pdb
c:\users\pixir\desktop\lwsingleplayer\lwengine\x64\debug\lwengine.tlog\cl.command.1.tlog
c:\users\pixir\desktop\lwsingleplayer\lwengine\x64\debug\lwengine.tlog\cl.read.1.tlog
c:\users\pixir\desktop\lwsingleplayer\lwengine\x64\debug\lwengine.tlog\cl.write.1.tlog
c:\users\pixir\desktop\lwsingleplayer\lwengine\x64\debug\lwengine.tlog\link.command.1.tlog
c:\users\pixir\desktop\lwsingleplayer\lwengine\x64\debug\lwengine.tlog\link.read.1.tlog
c:\users\pixir\desktop\lwsingleplayer\lwengine\x64\debug\lwengine.tlog\link.write.1.tlog
